<?xml version="1.0" encoding="UTF-8"?>
<!-- Generated by org.testng.reporters.JUnitXMLReporter -->
<testsuite hostname="admin-PC" ignored="3" name="Default test" tests="1" failures="0" timestamp="08 Jul 2019 11:13:29 GMT" time="27.022" errors="0">
  <testcase name="Assignagents" time="10.906" classname="com.press3.createAgent.CreateAgent"/>
  <testcase name="AgentLogin" time="0.0" classname="com.press3.createAgent.CreateAgent">
    <ignored/>
  </testcase> <!-- AgentLogin -->
  <testcase name="TimeSlot" time="0.0" classname="com.press3.createAgent.CreateAgent">
    <ignored/>
  </testcase> <!-- TimeSlot -->
  <testcase name="CreateAgent" time="0.0" classname="com.press3.createAgent.CreateAgent">
    <ignored/>
  </testcase> <!-- CreateAgent -->
</testsuite> <!-- Default test -->
