<?xml version="1.0" encoding="UTF-8"?>
<!-- Generated by org.testng.reporters.JUnitXMLReporter -->
<testsuite hostname="admin-PC" ignored="3" name="campaign" tests="1" failures="0" timestamp="26 Jun 2019 10:58:20 GMT" time="46.017" errors="0">
  <testcase name="CreateCampaign" time="29.239" classname="com.press3.CreateCampaign.CreateCampaign"/>
  <testcase name="IvrConnect" time="0.0" classname="com.press3.CreateCampaign.CreateCampaign">
    <ignored/>
  </testcase> <!-- IvrConnect -->
  <testcase name="VoiceBroadcast" time="0.0" classname="com.press3.CreateCampaign.CreateCampaign">
    <ignored/>
  </testcase> <!-- VoiceBroadcast -->
  <testcase name="IvrSurvey" time="0.0" classname="com.press3.CreateCampaign.CreateCampaign">
    <ignored/>
  </testcase> <!-- IvrSurvey -->
</testsuite> <!-- campaign -->
