<?xml version="1.0" encoding="UTF-8"?>
<!-- Generated by org.testng.reporters.JUnitXMLReporter -->
<testsuite hostname="admin-PC" ignored="2" name="CreateIVR" tests="1" failures="0" timestamp="03 Jul 2019 08:45:56 GMT" time="32.568" errors="0">
  <testcase name="Agntlogin" time="17.794" classname="com.press3.CreateIVR.CreateIVR"/>
  <testcase name="OutboundIVR" time="0.0" classname="com.press3.CreateIVR.CreateIVR">
    <ignored/>
  </testcase> <!-- OutboundIVR -->
  <testcase name="CreateIVR" time="0.0" classname="com.press3.CreateIVR.CreateIVR">
    <ignored/>
  </testcase> <!-- CreateIVR -->
</testsuite> <!-- CreateIVR -->
