<?xml version="1.0" encoding="UTF-8"?>
<testng-results skipped="0" failed="0" ignored="3" total="4" passed="1">
  <reporter-output>
  </reporter-output>
  <suite name="Default suite" duration-ms="27022" started-at="2019-07-08T11:13:02Z" finished-at="2019-07-08T11:13:29Z">
    <groups>
    </groups>
    <test name="Default test" duration-ms="27022" started-at="2019-07-08T11:13:02Z" finished-at="2019-07-08T11:13:29Z">
      <class name="com.press3.createAgent.CreateAgent">
        <test-method status="PASS" signature="beforeTestMethod()[pri:0, instance:com.press3.createAgent.CreateAgent@74a10858]" name="beforeTestMethod" is-config="true" duration-ms="16099" started-at="2019-07-08T11:13:02Z" finished-at="2019-07-08T11:13:18Z">
          <reporter-output>
          </reporter-output>
        </test-method> <!-- beforeTestMethod -->
        <test-method status="PASS" signature="Assignagents()[pri:0, instance:com.press3.createAgent.CreateAgent@74a10858]" name="Assignagents" duration-ms="10906" started-at="2019-07-08T11:13:19Z" finished-at="2019-07-08T11:13:29Z">
          <reporter-output>
          </reporter-output>
        </test-method> <!-- Assignagents -->
      </class> <!-- com.press3.createAgent.CreateAgent -->
    </test> <!-- Default test -->
  </suite> <!-- Default suite -->
</testng-results>
